<?xml version="1.0" encoding="UTF-8"?>
<testng-results ignored="0" total="4" passed="4" failed="0" skipped="0">
  <reporter-output>
  </reporter-output>
  <suite started-at="2022-09-12T05:32:05Z" name="Default suite" finished-at="2022-09-12T05:32:27Z" duration-ms="22437">
    <groups>
    </groups>
    <test started-at="2022-09-12T05:32:05Z" name="Default test" finished-at="2022-09-12T05:32:27Z" duration-ms="22437">
      <class name="TestCase.TestCase">
        <test-method is-config="true" signature="timeStamp()[pri:0, instance:TestCase.TestCase@71329995]" started-at="2022-09-12T05:32:04Z" name="timeStamp" finished-at="2022-09-12T05:32:05Z" duration-ms="246" status="PASS">
          <reporter-output>
          </reporter-output>
        </test-method> <!-- timeStamp -->
        <test-method is-config="true" signature="driverIni()[pri:0, instance:TestCase.TestCase@71329995]" started-at="2022-09-12T05:32:05Z" name="driverIni" finished-at="2022-09-12T05:32:08Z" duration-ms="3658" status="PASS">
          <reporter-output>
          </reporter-output>
        </test-method> <!-- driverIni -->
        <test-method is-config="true" signature="login()[pri:0, instance:TestCase.TestCase@71329995]" started-at="2022-09-12T05:32:08Z" name="login" finished-at="2022-09-12T05:32:14Z" duration-ms="5693" status="PASS">
          <reporter-output>
          </reporter-output>
        </test-method> <!-- login -->
        <test-method signature="searchHotel()[pri:0, instance:TestCase.TestCase@71329995]" started-at="2022-09-12T05:32:14Z" name="searchHotel" finished-at="2022-09-12T05:32:16Z" duration-ms="2413" status="PASS">
          <reporter-output>
          </reporter-output>
        </test-method> <!-- searchHotel -->
        <test-method signature="selectHotel()[pri:1, instance:TestCase.TestCase@71329995]" started-at="2022-09-12T05:32:16Z" name="selectHotel" finished-at="2022-09-12T05:32:17Z" duration-ms="885" status="PASS">
          <reporter-output>
          </reporter-output>
        </test-method> <!-- selectHotel -->
        <test-method signature="bookAHotel()[pri:2, instance:TestCase.TestCase@71329995]" started-at="2022-09-12T05:32:17Z" name="bookAHotel" finished-at="2022-09-12T05:32:19Z" duration-ms="1286" status="PASS">
          <reporter-output>
          </reporter-output>
        </test-method> <!-- bookAHotel -->
        <test-method signature="printOrderNo()[pri:3, instance:TestCase.TestCase@71329995]" started-at="2022-09-12T05:32:19Z" name="printOrderNo" finished-at="2022-09-12T05:32:26Z" duration-ms="7107" status="PASS">
          <reporter-output>
          </reporter-output>
        </test-method> <!-- printOrderNo -->
        <test-method is-config="true" signature="driverClose()[pri:0, instance:TestCase.TestCase@71329995]" started-at="2022-09-12T05:32:26Z" name="driverClose" finished-at="2022-09-12T05:32:27Z" duration-ms="1322" status="PASS">
          <reporter-output>
          </reporter-output>
        </test-method> <!-- driverClose -->
        <test-method is-config="true" signature="timeStamp01()[pri:0, instance:TestCase.TestCase@71329995]" started-at="2022-09-12T05:32:27Z" name="timeStamp01" finished-at="2022-09-12T05:32:27Z" duration-ms="1" status="PASS">
          <reporter-output>
          </reporter-output>
        </test-method> <!-- timeStamp01 -->
      </class> <!-- TestCase.TestCase -->
    </test> <!-- Default test -->
  </suite> <!-- Default suite -->
</testng-results>
